../ui/xui/gl-helpers.cc:826:6: warning: no previous prototype for function 'RenderSteelBattalionController' [-Wmissing-prototypes]
  826 | void RenderSteelBattalionController(float frame_x, float frame_y, uint32_t primary_color,
      |      ^
../ui/xui/gl-helpers.cc:826:1: note: declare 'static' if the function is not intended to be used outside of this translation unit
  826 | void RenderSteelBattalionController(float frame_x, float frame_y, uint32_t primary_color,
      | ^
      | static 
../ui/xui/gl-helpers.cc:957:12: warning: left operand of comma operator has no effect [-Wunused-value]
  957 |     }else{(g_decal_shader, (int)(c_x - w / 2.0f - 23.0f * lstick_x),
      |            ^~~~~~~~~~~~~~
../ui/xui/gl-helpers.cc:957:28: warning: left operand of comma operator has no effect [-Wunused-value]
  957 |     }else{(g_decal_shader, (int)(c_x - w / 2.0f - 23.0f * lstick_x),
      |                            ^    ~~~~~~~~~~~~~~~~~~~~~~~~~~~~~~~~~~~
../ui/xui/gl-helpers.cc:958:17: warning: left operand of comma operator has no effect [-Wunused-value]
  958 |                 (int)(c_y - h / 2.0f), w, h, sb_tex_items[obj_left_stick].x,
      |                 ^    ~~~~~~~~~~~~~~~~
../ui/xui/gl-helpers.cc:958:40: warning: left operand of comma operator has no effect [-Wunused-value]
  958 |                 (int)(c_y - h / 2.0f), w, h, sb_tex_items[obj_left_stick].x,
      |                                        ^
../ui/xui/gl-helpers.cc:958:43: warning: left operand of comma operator has no effect [-Wunused-value]
  958 |                 (int)(c_y - h / 2.0f), w, h, sb_tex_items[obj_left_stick].x,
      |                                           ^
../ui/xui/gl-helpers.cc:958:75: warning: left operand of comma operator has no effect [-Wunused-value]
  958 |                 (int)(c_y - h / 2.0f), w, h, sb_tex_items[obj_left_stick].x,
      |                                              ~~~~~~~~~~~~~~~~~~~~~~~~~~~~ ^
../ui/xui/gl-helpers.cc:959:46: warning: left operand of comma operator has no effect [-Wunused-value]
  959 |                 sb_tex_items[obj_left_stick].y, w, h, primary_color,
      |                 ~~~~~~~~~~~~~~~~~~~~~~~~~~~~ ^
../ui/xui/gl-helpers.cc:959:49: warning: left operand of comma operator has no effect [-Wunused-value]
  959 |                 sb_tex_items[obj_left_stick].y, w, h, primary_color,
      |                                                 ^
../ui/xui/gl-helpers.cc:959:52: warning: left operand of comma operator has no effect [-Wunused-value]
  959 |                 sb_tex_items[obj_left_stick].y, w, h, primary_color,
      |                                                    ^
../ui/xui/gl-helpers.cc:959:55: warning: left operand of comma operator has no effect [-Wunused-value]
  959 |                 sb_tex_items[obj_left_stick].y, w, h, primary_color,
      |                                                       ^~~~~~~~~~~~~
../ui/xui/gl-helpers.cc:960:17: warning: left operand of comma operator has no effect [-Wunused-value]
  960 |                 secondary_color, 0);
      |                 ^~~~~~~~~~~~~~~
../ui/xui/gl-helpers.cc:1152:43: warning: suggest braces around initialization of subobject [-Wmissing-braces]
 1152 |     static ControllerState fake_state = { 0 };
      |                                           ^
      |                                           {}
13 warnings generated.
